<?xml version="1.0" encoding="UTF-8"?>
<!-- Generated by org.testng.reporters.JUnitXMLReporter -->
<testsuite hostname="PHSPL-220" ignored="2" name="Default test" tests="1" failures="0" timestamp="30 Dec 2019 12:10:31 GMT" time="38.27" errors="0">
  <testcase name="clicksearch" time="38.159" classname="com.org.restapi.SampleTest.HomePage"/>
  <testcase name="checkHOmePagetittle" time="0.0" classname="com.org.restapi.SampleTest.HomePage">
    <ignored/>
  </testcase> <!-- checkHOmePagetittle -->
  <testcase name="redirectoservice" time="0.0" classname="com.org.restapi.SampleTest.HomePage">
    <ignored/>
  </testcase> <!-- redirectoservice -->
</testsuite> <!-- Default test -->
