<?xml version="1.0" encoding="UTF-8"?>
<testng-results skipped="0" failed="0" ignored="2" total="3" passed="1">
  <reporter-output>
  </reporter-output>
  <suite name="Default suite" duration-ms="38270" started-at="2019-12-30T12:09:53Z" finished-at="2019-12-30T12:10:31Z">
    <groups>
    </groups>
    <test name="Default test" duration-ms="38270" started-at="2019-12-30T12:09:53Z" finished-at="2019-12-30T12:10:31Z">
      <class name="com.org.restapi.SampleTest.HomePage">
        <test-method status="PASS" signature="clicksearch()[pri:0, instance:com.org.restapi.SampleTest.HomePage@167c1fc]" name="clicksearch" duration-ms="38159" started-at="2019-12-30T12:09:53Z" finished-at="2019-12-30T12:10:31Z">
          <reporter-output>
          </reporter-output>
        </test-method> <!-- clicksearch -->
      </class> <!-- com.org.restapi.SampleTest.HomePage -->
    </test> <!-- Default test -->
  </suite> <!-- Default suite -->
</testng-results>
